<?xml version="1.0" encoding="UTF-8"?>
<!-- Generated by org.testng.reporters.JUnitXMLReporter -->
<testsuite ignored="0" hostname="HP" failures="0" tests="17" name="Surefire test" time="35.354" errors="0" timestamp="2024-09-14T16:34:20 IST">
  <testcase classname="dependenciesInTestNG.TestfireSite" name="applogin" time="2.398"/>
  <testcase classname="dependenciesInTestNG.TestfireSite" name="verifylogin" time="0.073"/>
  <testcase classname="extentReportInTestNG.LogsInTest" name="log" time="1.015"/>
  <testcase classname="listnersInTestNG.TestCases" name="login" time="6.908"/>
  <testcase classname="listnersInTestNG.TestCases" name="testToscreenshot" time="0.204"/>
  <testcase classname="listnersInTestNG.TestCases" name="timeout" time="0.002"/>
  <testcase classname="log4JinTestNG.LoginTest" name="siteTest" time="8.171"/>
  <testcase classname="pageFactoryinTestNG.LoginTest" name="AppTest" time="5.956"/>
  <testcase classname="priorityinTestNG.TestCasePriortize" name="Signin" time="0.001"/>
  <testcase classname="priorityinTestNG.TestCasePriortize" name="SearchFlight" time="0.007"/>
  <testcase classname="priorityinTestNG.TestCasePriortize" name="BookFlight" time="0.002"/>
  <testcase classname="priorityinTestNG.TestCasePriortize" name="SaveTicket" time="0.003"/>
  <testcase classname="priorityinTestNG.TestCasePriortize" name="Logout" time="0.001"/>
  <testcase classname="testNG.LoginTest" name="applogin" time="4.073"/>
  <testcase classname="testNG.LoginTest" name="verifylogin" time="0.069"/>
  <testcase classname="testNG.NewTest" name="Testcase" time="0.001"/>
  <testcase classname="workingWithExcel.TestNGExcelFile" name="excelcode" time="1.565"/>
</testsuite> <!-- Surefire test -->
