<?xml version="1.0" encoding="UTF-8"?>
<!-- Generated by org.testng.reporters.JUnitXMLReporter -->
<testsuite ignored="0" hostname="HP" failures="0" tests="7" name="Default test" time="0.163" errors="0" timestamp="2024-09-17T12:28:07 IST">
  <testcase classname="dataproviderinTestNG.Demo1DArray" name="Test" time="0.011"/>
  <testcase classname="dataproviderinTestNG.Demo1DArray" name="Test" time="0.003"/>
  <testcase classname="dataproviderinTestNG.Demo1DArray" name="Test" time="0.004"/>
  <testcase classname="dataproviderinTestNG.Demo1DArray" name="Test2" time="0.003"/>
  <testcase classname="dataproviderinTestNG.Demo1DArray" name="Test2" time="0.003"/>
  <testcase classname="dataproviderinTestNG.Demo1DArray" name="Test2" time="0.005"/>
  <testcase classname="dataproviderinTestNG.Demo1DArray" name="Test2" time="0.004"/>
</testsuite> <!-- Default test -->
