<?xml version="1.0" encoding="UTF-8"?>
<!-- Generated by org.testng.reporters.JUnitXMLReporter -->
<testsuite ignored="2" hostname="HP" failures="0" tests="2" name="Orange" time="16.085" errors="0" timestamp="2024-08-01T13:11:51 IST">
  <testcase classname="testNG.OrangeHrm" name="hrm" time="5.971"/>
  <testcase classname="testNG.OrangeHrm" name="login" time="9.988"/>
  <testcase classname="testNG.OrangeHrm" name="wiki" time="0.0">
    <ignored/>
  </testcase> <!-- wiki -->
  <testcase classname="testNG.OrangeHrm" name="youtube" time="0.0">
    <ignored/>
  </testcase> <!-- youtube -->
</testsuite> <!-- Orange -->
