<?xml version="1.0" encoding="UTF-8"?>
<!-- Generated by org.testng.reporters.JUnitXMLReporter -->
<testsuite ignored="8" hostname="HP" failures="0" tests="10" name="SmokeTest" time="0.256" errors="0" timestamp="2024-08-05T10:41:38 IST">
  <testcase classname="groupsInTestNG.Group2" name="TC012" time="0.017"/>
  <testcase classname="groupsInTestNG.Group2" name="TC014" time="0.003"/>
  <testcase classname="groupsInTestNG.Group2" name="TC015" time="0.004"/>
  <testcase classname="groupsInTestNG.Group2" name="TC016" time="0.005"/>
  <testcase classname="groupsInTestNG.Group2" name="TC018" time="0.007"/>
  <testcase classname="groupsInTestNG.Group1" name="TC001" time="0.003"/>
  <testcase classname="groupsInTestNG.Group1" name="TC002" time="0.006"/>
  <testcase classname="groupsInTestNG.Group1" name="TC005" time="0.018"/>
  <testcase classname="groupsInTestNG.Group1" name="TC007" time="0.006"/>
  <testcase classname="groupsInTestNG.Group1" name="TC008" time="0.004"/>
  <testcase classname="groupsInTestNG.Group2" name="TC010" time="0.0">
    <ignored/>
  </testcase> <!-- TC010 -->
  <testcase classname="groupsInTestNG.Group1" name="TC006" time="0.0">
    <ignored/>
  </testcase> <!-- TC006 -->
  <testcase classname="groupsInTestNG.Group2" name="TC011" time="0.0">
    <ignored/>
  </testcase> <!-- TC011 -->
  <testcase classname="groupsInTestNG.Group2" name="TC017" time="0.0">
    <ignored/>
  </testcase> <!-- TC017 -->
  <testcase classname="groupsInTestNG.Group2" name="TC013" time="0.0">
    <ignored/>
  </testcase> <!-- TC013 -->
  <testcase classname="groupsInTestNG.Group1" name="TC009" time="0.0">
    <ignored/>
  </testcase> <!-- TC009 -->
  <testcase classname="groupsInTestNG.Group1" name="TC004" time="0.0">
    <ignored/>
  </testcase> <!-- TC004 -->
  <testcase classname="groupsInTestNG.Group1" name="TC003" time="0.0">
    <ignored/>
  </testcase> <!-- TC003 -->
</testsuite> <!-- SmokeTest -->
