<?xml version="1.0" encoding="UTF-8"?>
<!-- Generated by org.testng.reporters.JUnitXMLReporter -->
<testsuite ignored="0" hostname="HP" failures="0" tests="3" name="Test" time="7.965" errors="0" timestamp="2024-09-14T13:47:30 IST">
  <testcase classname="listnersInTestNG.TestCases" name="login" time="7.512"/>
  <testcase classname="listnersInTestNG.TestCases" name="testToscreenshot" time="0.081"/>
  <testcase classname="listnersInTestNG.TestCases" name="timeout" time="0.002"/>
</testsuite> <!-- Test -->
