<?xml version="1.0" encoding="UTF-8"?>
<!-- Generated by org.testng.reporters.JUnitXMLReporter -->
<testsuite ignored="4" hostname="HP" failures="0" tests="1" name="Test09" time="0.148" errors="0" timestamp="2024-08-08T10:21:23 IST">
  <testcase classname="ignoreTestinTestNG.IgnoreTestCase2" name="TC009" time="0.032"/>
  <testcase classname="ignoreTestinTestNG.IgnoreTestCase2" name="TC010" time="0.0">
    <ignored/>
  </testcase> <!-- TC010 -->
  <testcase classname="ignoreTestinTestNG.IgnoreTestCase2" name="TC006" time="0.0">
    <ignored/>
  </testcase> <!-- TC006 -->
  <testcase classname="ignoreTestinTestNG.IgnoreTestCase2" name="TC007" time="0.0">
    <ignored/>
  </testcase> <!-- TC007 -->
  <testcase classname="ignoreTestinTestNG.IgnoreTestCase2" name="TC008" time="0.0">
    <ignored/>
  </testcase> <!-- TC008 -->
</testsuite> <!-- Test09 -->
