<?xml version="1.0" encoding="UTF-8"?>
<!-- Generated by org.testng.reporters.JUnitXMLReporter -->
<testsuite ignored="3" hostname="HP" failures="0" tests="1" name="Youtube" time="44.792" errors="0" timestamp="2024-08-01T13:12:36 IST">
  <testcase classname="testNG.OrangeHrm" name="youtube" time="44.787"/>
  <testcase classname="testNG.OrangeHrm" name="login" time="0.0">
    <ignored/>
  </testcase> <!-- login -->
  <testcase classname="testNG.OrangeHrm" name="hrm" time="0.0">
    <ignored/>
  </testcase> <!-- hrm -->
  <testcase classname="testNG.OrangeHrm" name="wiki" time="0.0">
    <ignored/>
  </testcase> <!-- wiki -->
</testsuite> <!-- Youtube -->
