<?xml version="1.0" encoding="UTF-8"?>
<!-- Generated by org.testng.reporters.JUnitXMLReporter -->
<testsuite ignored="0" hostname="HP" failures="0" tests="3" name="Test" time="6.528" errors="0" timestamp="2024-09-16T10:55:03 IST">
  <testcase classname="listnersInTestNG.TestCases" name="login" time="6.147"/>
  <testcase classname="listnersInTestNG.TestCases" name="testToscreenshot" time="0.063"/>
  <testcase classname="listnersInTestNG.TestCases" name="timeout" time="0.003"/>
</testsuite> <!-- Test -->
