<?xml version="1.0" encoding="UTF-8"?>
<!-- Generated by org.testng.reporters.JUnitXMLReporter -->
<testsuite ignored="0" hostname="HP" failures="0" tests="3" name="Test" time="7.801" errors="0" timestamp="2024-09-14T13:56:28 IST">
  <testcase classname="listnersInTestNG.TestCases" name="login" time="7.449"/>
  <testcase classname="listnersInTestNG.TestCases" name="testToscreenshot" time="0.055"/>
  <testcase classname="listnersInTestNG.TestCases" name="timeout" time="0.001"/>
</testsuite> <!-- Test -->
