<?xml version="1.0" encoding="UTF-8"?>
<testng-results ignored="0" total="3" passed="3" failed="0" skipped="0">
  <reporter-output>
  </reporter-output>
  <suite started-at="2024-09-14T13:56:20 IST" name="Suite" finished-at="2024-09-14T13:56:28 IST" duration-ms="7801">
    <groups>
    </groups>
    <test started-at="2024-09-14T13:56:20 IST" name="Test" finished-at="2024-09-14T13:56:28 IST" duration-ms="7801">
      <class name="listnersInTestNG.TestCases">
        <test-method is-config="true" signature="waits()[pri:0, instance:listnersInTestNG.TestCases@1d2bd371]" started-at="2024-09-14T13:56:20 IST" name="waits" finished-at="2024-09-14T13:56:20 IST" duration-ms="24" status="PASS">
          <reporter-output>
          </reporter-output>
        </test-method> <!-- waits -->
        <test-method signature="login()[pri:0, instance:listnersInTestNG.TestCases@1d2bd371]" started-at="2024-09-14T13:56:20 IST" name="login" finished-at="2024-09-14T13:56:28 IST" duration-ms="7449" status="PASS">
          <reporter-output>
          </reporter-output>
        </test-method> <!-- login -->
        <test-method signature="testToscreenshot()[pri:0, instance:listnersInTestNG.TestCases@1d2bd371]" started-at="2024-09-14T13:56:28 IST" name="testToscreenshot" finished-at="2024-09-14T13:56:28 IST" duration-ms="55" status="PASS">
          <reporter-output>
          </reporter-output>
        </test-method> <!-- testToscreenshot -->
        <test-method signature="timeout()[pri:0, instance:listnersInTestNG.TestCases@1d2bd371]" started-at="2024-09-14T13:56:28 IST" name="timeout" finished-at="2024-09-14T13:56:28 IST" duration-ms="1" status="PASS">
          <reporter-output>
          </reporter-output>
        </test-method> <!-- timeout -->
        <test-method is-config="true" signature="teardown()[pri:0, instance:listnersInTestNG.TestCases@1d2bd371]" started-at="2024-09-14T13:56:28 IST" name="teardown" finished-at="2024-09-14T13:56:28 IST" duration-ms="185" status="PASS">
          <reporter-output>
          </reporter-output>
        </test-method> <!-- teardown -->
      </class> <!-- listnersInTestNG.TestCases -->
    </test> <!-- Test -->
  </suite> <!-- Suite -->
</testng-results>
