<?xml version="1.0" encoding="UTF-8"?>
<testng-results ignored="0" total="3" passed="3" failed="0" skipped="0">
  <reporter-output>
  </reporter-output>
  <suite started-at="2024-09-16T10:54:57 IST" name="Suite" finished-at="2024-09-16T10:55:03 IST" duration-ms="6528">
    <groups>
    </groups>
    <test started-at="2024-09-16T10:54:57 IST" name="Test" finished-at="2024-09-16T10:55:03 IST" duration-ms="6528">
      <class name="listnersInTestNG.TestCases">
        <test-method is-config="true" signature="waits()[pri:0, instance:listnersInTestNG.TestCases@42f8285e]" started-at="2024-09-16T10:54:57 IST" name="waits" finished-at="2024-09-16T10:54:57 IST" duration-ms="31" status="PASS">
          <reporter-output>
          </reporter-output>
        </test-method> <!-- waits -->
        <test-method signature="login()[pri:0, instance:listnersInTestNG.TestCases@42f8285e]" started-at="2024-09-16T10:54:57 IST" name="login" finished-at="2024-09-16T10:55:03 IST" duration-ms="6147" status="PASS">
          <reporter-output>
          </reporter-output>
        </test-method> <!-- login -->
        <test-method signature="testToscreenshot()[pri:0, instance:listnersInTestNG.TestCases@42f8285e]" started-at="2024-09-16T10:55:03 IST" name="testToscreenshot" finished-at="2024-09-16T10:55:03 IST" duration-ms="63" status="PASS">
          <reporter-output>
          </reporter-output>
        </test-method> <!-- testToscreenshot -->
        <test-method signature="timeout()[pri:0, instance:listnersInTestNG.TestCases@42f8285e]" started-at="2024-09-16T10:55:03 IST" name="timeout" finished-at="2024-09-16T10:55:03 IST" duration-ms="3" status="PASS">
          <reporter-output>
          </reporter-output>
        </test-method> <!-- timeout -->
        <test-method is-config="true" signature="teardown()[pri:0, instance:listnersInTestNG.TestCases@42f8285e]" started-at="2024-09-16T10:55:03 IST" name="teardown" finished-at="2024-09-16T10:55:03 IST" duration-ms="199" status="PASS">
          <reporter-output>
          </reporter-output>
        </test-method> <!-- teardown -->
      </class> <!-- listnersInTestNG.TestCases -->
    </test> <!-- Test -->
  </suite> <!-- Suite -->
</testng-results>
