<?xml version="1.0" encoding="UTF-8"?>
<testng-results ignored="0" total="3" passed="3" failed="0" skipped="0">
  <reporter-output>
  </reporter-output>
  <suite started-at="2024-09-14T13:47:22 IST" name="Suite" finished-at="2024-09-14T13:47:30 IST" duration-ms="7965">
    <groups>
    </groups>
    <test started-at="2024-09-14T13:47:22 IST" name="Test" finished-at="2024-09-14T13:47:30 IST" duration-ms="7965">
      <class name="listnersInTestNG.TestCases">
        <test-method is-config="true" signature="waits()[pri:0, instance:listnersInTestNG.TestCases@68ad99fe]" started-at="2024-09-14T13:47:22 IST" name="waits" finished-at="2024-09-14T13:47:22 IST" duration-ms="22" status="PASS">
          <reporter-output>
          </reporter-output>
        </test-method> <!-- waits -->
        <test-method signature="login()[pri:0, instance:listnersInTestNG.TestCases@68ad99fe]" started-at="2024-09-14T13:47:22 IST" name="login" finished-at="2024-09-14T13:47:29 IST" duration-ms="7512" status="PASS">
          <reporter-output>
          </reporter-output>
        </test-method> <!-- login -->
        <test-method signature="testToscreenshot()[pri:0, instance:listnersInTestNG.TestCases@68ad99fe]" started-at="2024-09-14T13:47:29 IST" name="testToscreenshot" finished-at="2024-09-14T13:47:29 IST" duration-ms="81" status="PASS">
          <reporter-output>
          </reporter-output>
        </test-method> <!-- testToscreenshot -->
        <test-method signature="timeout()[pri:0, instance:listnersInTestNG.TestCases@68ad99fe]" started-at="2024-09-14T13:47:29 IST" name="timeout" finished-at="2024-09-14T13:47:29 IST" duration-ms="2" status="PASS">
          <reporter-output>
          </reporter-output>
        </test-method> <!-- timeout -->
        <test-method is-config="true" signature="teardown()[pri:0, instance:listnersInTestNG.TestCases@68ad99fe]" started-at="2024-09-14T13:47:29 IST" name="teardown" finished-at="2024-09-14T13:47:30 IST" duration-ms="261" status="PASS">
          <reporter-output>
          </reporter-output>
        </test-method> <!-- teardown -->
      </class> <!-- listnersInTestNG.TestCases -->
    </test> <!-- Test -->
  </suite> <!-- Suite -->
</testng-results>
