<?xml version="1.0" encoding="UTF-8"?>
<testng-results ignored="0" total="7" passed="7" failed="0" skipped="0">
  <reporter-output>
  </reporter-output>
  <suite started-at="2024-09-17T12:28:06 IST" name="Default suite" finished-at="2024-09-17T12:28:07 IST" duration-ms="163">
    <groups>
    </groups>
    <test started-at="2024-09-17T12:28:06 IST" name="Default test" finished-at="2024-09-17T12:28:07 IST" duration-ms="163">
      <class name="dataproviderinTestNG.Demo1DArray">
        <test-method signature="Test(java.lang.String)[pri:0, instance:dataproviderinTestNG.Demo1DArray@54d9d12d]" started-at="2024-09-17T12:28:06 IST" name="Test" data-provider="coding" finished-at="2024-09-17T12:28:06 IST" duration-ms="11" status="PASS">
          <params>
            <param index="0">
              <value>
                <![CDATA[test]]>
              </value>
            </param>
          </params>
          <reporter-output>
          </reporter-output>
        </test-method> <!-- Test -->
        <test-method signature="Test(java.lang.String)[pri:0, instance:dataproviderinTestNG.Demo1DArray@54d9d12d]" started-at="2024-09-17T12:28:06 IST" name="Test" data-provider="coding" finished-at="2024-09-17T12:28:06 IST" duration-ms="3" status="PASS">
          <params>
            <param index="0">
              <value>
                <![CDATA[automation]]>
              </value>
            </param>
          </params>
          <reporter-output>
          </reporter-output>
        </test-method> <!-- Test -->
        <test-method signature="Test(java.lang.String)[pri:0, instance:dataproviderinTestNG.Demo1DArray@54d9d12d]" started-at="2024-09-17T12:28:06 IST" name="Test" data-provider="coding" finished-at="2024-09-17T12:28:06 IST" duration-ms="4" status="PASS">
          <params>
            <param index="0">
              <value>
                <![CDATA[java]]>
              </value>
            </param>
          </params>
          <reporter-output>
          </reporter-output>
        </test-method> <!-- Test -->
        <test-method signature="Test2(java.lang.Object)[pri:0, instance:dataproviderinTestNG.Demo1DArray@54d9d12d]" started-at="2024-09-17T12:28:06 IST" name="Test2" data-provider="obj" finished-at="2024-09-17T12:28:06 IST" duration-ms="3" status="PASS">
          <params>
            <param index="0">
              <value>
                <![CDATA[505]]>
              </value>
            </param>
          </params>
          <reporter-output>
          </reporter-output>
        </test-method> <!-- Test2 -->
        <test-method signature="Test2(java.lang.Object)[pri:0, instance:dataproviderinTestNG.Demo1DArray@54d9d12d]" started-at="2024-09-17T12:28:07 IST" name="Test2" data-provider="obj" finished-at="2024-09-17T12:28:07 IST" duration-ms="3" status="PASS">
          <params>
            <param index="0">
              <value>
                <![CDATA[automation]]>
              </value>
            </param>
          </params>
          <reporter-output>
          </reporter-output>
        </test-method> <!-- Test2 -->
        <test-method signature="Test2(java.lang.Object)[pri:0, instance:dataproviderinTestNG.Demo1DArray@54d9d12d]" started-at="2024-09-17T12:28:07 IST" name="Test2" data-provider="obj" finished-at="2024-09-17T12:28:07 IST" duration-ms="5" status="PASS">
          <params>
            <param index="0">
              <value>
                <![CDATA[3.8]]>
              </value>
            </param>
          </params>
          <reporter-output>
          </reporter-output>
        </test-method> <!-- Test2 -->
        <test-method signature="Test2(java.lang.Object)[pri:0, instance:dataproviderinTestNG.Demo1DArray@54d9d12d]" started-at="2024-09-17T12:28:07 IST" name="Test2" data-provider="obj" finished-at="2024-09-17T12:28:07 IST" duration-ms="4" status="PASS">
          <params>
            <param index="0">
              <value>
                <![CDATA[1234567891]]>
              </value>
            </param>
          </params>
          <reporter-output>
          </reporter-output>
        </test-method> <!-- Test2 -->
      </class> <!-- dataproviderinTestNG.Demo1DArray -->
    </test> <!-- Default test -->
  </suite> <!-- Default suite -->
</testng-results>
